                   label = final_new
                strategy = final
               data_path = input/data.json
    text_logic_form_path = output/text/text_logic_forms.json
 diagram_logic_form_path = output/diagram/diagram_logic_forms.json
           use_annotated = False
            predict_path = output/demo/pred_seqs_test_bart_best.json
             start_index = 2401
               end_index = 3001
              time_limit = 150
             num_threads = 20
               low_first = True
              step_limit = 100
              debug_mode = False
            enable_round = False
          enable_predict = True

{'pid': 'input_diagram', 'target': ['Value', 'x'], 'guess': 41.99999999999998, 'steps': 18, 'step_lst': [17, 1, 2, 3, 4, 5, 6, 7, 8, 9, 10, 11, 12, 13, 14, 15, 16, 17], 'time': 1.24, 'choice': 'unavailable'}

Solved list:  ['input_diagram']
Unsolved list:  []

num_solved: 1 (100.00%)

Average steps for all problems: 18.00
Average steps for solved problems: 18.00
Average time for all problems: 1.24 seconds
Average time for solved problems: 1.24 seconds
Real total time: 5 seconds
